[02-Nov-2020 03:46:51 UTC] PHP Parse error:  syntax error, unexpected '}', expecting ';' in E:\ORIGAMID\API_DOGS\app\public\wp-content\themes\api\functions.php on line 6
[02-Nov-2020 03:46:53 UTC] PHP Parse error:  syntax error, unexpected '}', expecting ';' in E:\ORIGAMID\API_DOGS\app\public\wp-content\themes\api\functions.php on line 6
[02-Nov-2020 03:47:12 UTC] PHP Parse error:  syntax error, unexpected '}', expecting ';' in E:\ORIGAMID\API_DOGS\app\public\wp-content\themes\api\functions.php on line 6
[02-Nov-2020 03:47:16 UTC] PHP Parse error:  syntax error, unexpected '}', expecting ';' in E:\ORIGAMID\API_DOGS\app\public\wp-content\themes\api\functions.php on line 6
[02-Nov-2020 03:47:18 UTC] PHP Parse error:  syntax error, unexpected '}', expecting ';' in E:\ORIGAMID\API_DOGS\app\public\wp-content\themes\api\functions.php on line 6
[02-Nov-2020 03:47:18 UTC] PHP Parse error:  syntax error, unexpected '}', expecting ';' in E:\ORIGAMID\API_DOGS\app\public\wp-content\themes\api\functions.php on line 6
[02-Nov-2020 03:51:43 UTC] PHP Warning:  require_once(/endpoints/user_post.php): failed to open stream: No such file or directory in E:\ORIGAMID\API_DOGS\app\public\wp-content\themes\api\functions.php on line 5
[02-Nov-2020 03:51:43 UTC] PHP Stack trace:
[02-Nov-2020 03:51:43 UTC] PHP   1. {main}() E:\ORIGAMID\API_DOGS\app\public\wp-admin\admin-ajax.php:0
[02-Nov-2020 03:51:43 UTC] PHP   2. require_once() E:\ORIGAMID\API_DOGS\app\public\wp-admin\admin-ajax.php:22
[02-Nov-2020 03:51:43 UTC] PHP   3. require_once() E:\ORIGAMID\API_DOGS\app\public\wp-load.php:37
[02-Nov-2020 03:51:43 UTC] PHP   4. require_once() E:\ORIGAMID\API_DOGS\app\public\wp-config.php:77
[02-Nov-2020 03:51:43 UTC] PHP   5. include() E:\ORIGAMID\API_DOGS\app\public\wp-settings.php:514
[02-Nov-2020 03:51:43 UTC] PHP Fatal error:  require_once(): Failed opening required '/endpoints/user_post.php' (include_path='.:/usr/share/php:/www/wp-content/pear') in E:\ORIGAMID\API_DOGS\app\public\wp-content\themes\api\functions.php on line 5
[02-Nov-2020 03:51:43 UTC] PHP Stack trace:
[02-Nov-2020 03:51:43 UTC] PHP   1. {main}() E:\ORIGAMID\API_DOGS\app\public\wp-admin\admin-ajax.php:0
[02-Nov-2020 03:51:43 UTC] PHP   2. require_once() E:\ORIGAMID\API_DOGS\app\public\wp-admin\admin-ajax.php:22
[02-Nov-2020 03:51:43 UTC] PHP   3. require_once() E:\ORIGAMID\API_DOGS\app\public\wp-load.php:37
[02-Nov-2020 03:51:43 UTC] PHP   4. require_once() E:\ORIGAMID\API_DOGS\app\public\wp-config.php:77
[02-Nov-2020 03:51:43 UTC] PHP   5. include() E:\ORIGAMID\API_DOGS\app\public\wp-settings.php:514
[02-Nov-2020 03:53:00 UTC] PHP Parse error:  syntax error, unexpected 'require_once' (T_REQUIRE_ONCE) in E:\ORIGAMID\API_DOGS\app\public\wp-content\themes\api\functions.php on line 6
[02-Nov-2020 03:53:14 UTC] PHP Parse error:  syntax error, unexpected 'require_once' (T_REQUIRE_ONCE) in E:\ORIGAMID\API_DOGS\app\public\wp-content\themes\api\functions.php on line 6
[02-Nov-2020 03:55:43 UTC] PHP Parse error:  syntax error, unexpected ']' in E:\ORIGAMID\API_DOGS\app\public\wp-content\themes\api\endpoints\user_post.php on line 3
[02-Nov-2020 03:57:44 UTC] PHP Parse error:  syntax error, unexpected ']' in E:\ORIGAMID\API_DOGS\app\public\wp-content\themes\api\endpoints\user_post.php on line 3
[02-Nov-2020 03:59:45 UTC] PHP Parse error:  syntax error, unexpected ']' in E:\ORIGAMID\API_DOGS\app\public\wp-content\themes\api\endpoints\user_post.php on line 3
[03-Nov-2020 17:21:28 UTC] PHP Parse error:  syntax error, unexpected '$response' (T_VARIABLE) in E:\ORIGAMID\API_DOGS\app\public\wp-content\themes\api\endpoints\user_post.php on line 8
[03-Nov-2020 17:23:29 UTC] PHP Parse error:  syntax error, unexpected '$response' (T_VARIABLE) in E:\ORIGAMID\API_DOGS\app\public\wp-content\themes\api\endpoints\user_post.php on line 18
[03-Nov-2020 17:25:30 UTC] PHP Parse error:  syntax error, unexpected 'return' (T_RETURN) in E:\ORIGAMID\API_DOGS\app\public\wp-content\themes\api\endpoints\user_post.php on line 18
[03-Nov-2020 17:27:31 UTC] PHP Parse error:  syntax error, unexpected 'return' (T_RETURN) in E:\ORIGAMID\API_DOGS\app\public\wp-content\themes\api\endpoints\user_post.php on line 18
[03-Nov-2020 17:29:32 UTC] PHP Parse error:  syntax error, unexpected 'return' (T_RETURN) in E:\ORIGAMID\API_DOGS\app\public\wp-content\themes\api\endpoints\user_post.php on line 18
[03-Nov-2020 17:31:33 UTC] PHP Parse error:  syntax error, unexpected 'return' (T_RETURN) in E:\ORIGAMID\API_DOGS\app\public\wp-content\themes\api\endpoints\user_post.php on line 18
[03-Nov-2020 17:33:34 UTC] PHP Parse error:  syntax error, unexpected 'return' (T_RETURN) in E:\ORIGAMID\API_DOGS\app\public\wp-content\themes\api\endpoints\user_post.php on line 18
[03-Nov-2020 17:34:05 UTC] PHP Parse error:  syntax error, unexpected 'return' (T_RETURN) in E:\ORIGAMID\API_DOGS\app\public\wp-content\themes\api\endpoints\user_post.php on line 18
[03-Nov-2020 17:35:35 UTC] PHP Parse error:  syntax error, unexpected 'return' (T_RETURN) in E:\ORIGAMID\API_DOGS\app\public\wp-content\themes\api\endpoints\user_post.php on line 18
[03-Nov-2020 17:37:36 UTC] PHP Parse error:  syntax error, unexpected 'return' (T_RETURN) in E:\ORIGAMID\API_DOGS\app\public\wp-content\themes\api\endpoints\user_post.php on line 18
[03-Nov-2020 17:39:37 UTC] PHP Parse error:  syntax error, unexpected 'return' (T_RETURN) in E:\ORIGAMID\API_DOGS\app\public\wp-content\themes\api\endpoints\user_post.php on line 18
[03-Nov-2020 23:11:35 UTC] PHP Parse error:  syntax error, unexpected '$request' (T_VARIABLE) in E:\ORIGAMID\API_DOGS\app\public\wp-content\themes\api\endpoints\user_post.php on line 5
[03-Nov-2020 23:11:38 UTC] PHP Parse error:  syntax error, unexpected '$request' (T_VARIABLE) in E:\ORIGAMID\API_DOGS\app\public\wp-content\themes\api\endpoints\user_post.php on line 5
[03-Nov-2020 23:11:41 UTC] PHP Parse error:  syntax error, unexpected ';', expecting ')' in E:\ORIGAMID\API_DOGS\app\public\wp-content\themes\api\endpoints\user_post.php on line 5
[03-Nov-2020 23:11:43 UTC] PHP Parse error:  syntax error, unexpected '$username' (T_VARIABLE) in E:\ORIGAMID\API_DOGS\app\public\wp-content\themes\api\endpoints\user_post.php on line 6
[03-Nov-2020 23:11:54 UTC] PHP Parse error:  syntax error, unexpected '$request' (T_VARIABLE) in E:\ORIGAMID\API_DOGS\app\public\wp-content\themes\api\endpoints\user_post.php on line 6
[03-Nov-2020 23:11:56 UTC] PHP Parse error:  syntax error, unexpected ';', expecting ')' in E:\ORIGAMID\API_DOGS\app\public\wp-content\themes\api\endpoints\user_post.php on line 6
[03-Nov-2020 23:12:05 UTC] PHP Parse error:  syntax error, unexpected ';', expecting ')' in E:\ORIGAMID\API_DOGS\app\public\wp-content\themes\api\endpoints\user_post.php on line 6
[03-Nov-2020 23:12:10 UTC] PHP Parse error:  syntax error, unexpected ';', expecting ')' in E:\ORIGAMID\API_DOGS\app\public\wp-content\themes\api\endpoints\user_post.php on line 6
[03-Nov-2020 23:12:12 UTC] PHP Parse error:  syntax error, unexpected ';', expecting ')' in E:\ORIGAMID\API_DOGS\app\public\wp-content\themes\api\endpoints\user_post.php on line 6
[03-Nov-2020 23:12:18 UTC] PHP Parse error:  syntax error, unexpected ';', expecting ')' in E:\ORIGAMID\API_DOGS\app\public\wp-content\themes\api\endpoints\user_post.php on line 6
[03-Nov-2020 23:12:20 UTC] PHP Parse error:  syntax error, unexpected ';', expecting ')' in E:\ORIGAMID\API_DOGS\app\public\wp-content\themes\api\endpoints\user_post.php on line 6
[03-Nov-2020 23:12:24 UTC] PHP Parse error:  syntax error, unexpected ';', expecting ')' in E:\ORIGAMID\API_DOGS\app\public\wp-content\themes\api\endpoints\user_post.php on line 6
[03-Nov-2020 23:12:26 UTC] PHP Parse error:  syntax error, unexpected ';', expecting ')' in E:\ORIGAMID\API_DOGS\app\public\wp-content\themes\api\endpoints\user_post.php on line 6
[03-Nov-2020 23:12:28 UTC] PHP Parse error:  syntax error, unexpected ';', expecting ')' in E:\ORIGAMID\API_DOGS\app\public\wp-content\themes\api\endpoints\user_post.php on line 6
[03-Nov-2020 23:12:29 UTC] PHP Parse error:  syntax error, unexpected ';', expecting ')' in E:\ORIGAMID\API_DOGS\app\public\wp-content\themes\api\endpoints\user_post.php on line 6
[03-Nov-2020 23:12:31 UTC] PHP Parse error:  syntax error, unexpected ';', expecting ')' in E:\ORIGAMID\API_DOGS\app\public\wp-content\themes\api\endpoints\user_post.php on line 6
[03-Nov-2020 23:12:34 UTC] PHP Parse error:  syntax error, unexpected ';', expecting ')' in E:\ORIGAMID\API_DOGS\app\public\wp-content\themes\api\endpoints\user_post.php on line 6
[03-Nov-2020 23:12:37 UTC] PHP Parse error:  syntax error, unexpected ';', expecting ')' in E:\ORIGAMID\API_DOGS\app\public\wp-content\themes\api\endpoints\user_post.php on line 6
[03-Nov-2020 23:12:43 UTC] PHP Parse error:  syntax error, unexpected ';', expecting ')' in E:\ORIGAMID\API_DOGS\app\public\wp-content\themes\api\endpoints\user_post.php on line 6
[03-Nov-2020 23:12:45 UTC] PHP Parse error:  syntax error, unexpected ';', expecting ')' in E:\ORIGAMID\API_DOGS\app\public\wp-content\themes\api\endpoints\user_post.php on line 6
[03-Nov-2020 23:12:47 UTC] PHP Parse error:  syntax error, unexpected ';', expecting ')' in E:\ORIGAMID\API_DOGS\app\public\wp-content\themes\api\endpoints\user_post.php on line 6
[03-Nov-2020 23:12:51 UTC] PHP Parse error:  syntax error, unexpected ';', expecting ')' in E:\ORIGAMID\API_DOGS\app\public\wp-content\themes\api\endpoints\user_post.php on line 6
[03-Nov-2020 23:12:55 UTC] PHP Parse error:  syntax error, unexpected ';', expecting ')' in E:\ORIGAMID\API_DOGS\app\public\wp-content\themes\api\endpoints\user_post.php on line 6
[03-Nov-2020 23:12:58 UTC] PHP Parse error:  syntax error, unexpected ';', expecting ')' in E:\ORIGAMID\API_DOGS\app\public\wp-content\themes\api\endpoints\user_post.php on line 6
[03-Nov-2020 23:13:00 UTC] PHP Parse error:  syntax error, unexpected ';', expecting ')' in E:\ORIGAMID\API_DOGS\app\public\wp-content\themes\api\endpoints\user_post.php on line 6
[03-Nov-2020 23:15:06 UTC] PHP Parse error:  syntax error, unexpected ';', expecting ')' in E:\ORIGAMID\API_DOGS\app\public\wp-content\themes\api\endpoints\user_post.php on line 6
[03-Nov-2020 23:15:06 UTC] PHP Parse error:  syntax error, unexpected ';', expecting ')' in E:\ORIGAMID\API_DOGS\app\public\wp-content\themes\api\endpoints\user_post.php on line 6
[03-Nov-2020 23:15:11 UTC] PHP Parse error:  syntax error, unexpected ';', expecting ')' in E:\ORIGAMID\API_DOGS\app\public\wp-content\themes\api\endpoints\user_post.php on line 6
[03-Nov-2020 23:15:13 UTC] PHP Parse error:  syntax error, unexpected ';', expecting ')' in E:\ORIGAMID\API_DOGS\app\public\wp-content\themes\api\endpoints\user_post.php on line 6
[03-Nov-2020 23:15:16 UTC] PHP Parse error:  syntax error, unexpected ';', expecting ')' in E:\ORIGAMID\API_DOGS\app\public\wp-content\themes\api\endpoints\user_post.php on line 6
[03-Nov-2020 23:15:16 UTC] PHP Parse error:  syntax error, unexpected ';', expecting ')' in E:\ORIGAMID\API_DOGS\app\public\wp-content\themes\api\endpoints\user_post.php on line 6
[03-Nov-2020 23:15:18 UTC] PHP Parse error:  syntax error, unexpected ';', expecting ')' in E:\ORIGAMID\API_DOGS\app\public\wp-content\themes\api\endpoints\user_post.php on line 6
[03-Nov-2020 23:15:20 UTC] PHP Parse error:  syntax error, unexpected ';', expecting ')' in E:\ORIGAMID\API_DOGS\app\public\wp-content\themes\api\endpoints\user_post.php on line 6
[03-Nov-2020 23:15:23 UTC] PHP Parse error:  syntax error, unexpected ';', expecting ')' in E:\ORIGAMID\API_DOGS\app\public\wp-content\themes\api\endpoints\user_post.php on line 6
[03-Nov-2020 23:15:37 UTC] PHP Parse error:  syntax error, unexpected ';', expecting ')' in E:\ORIGAMID\API_DOGS\app\public\wp-content\themes\api\endpoints\user_post.php on line 6
[03-Nov-2020 23:15:39 UTC] PHP Parse error:  syntax error, unexpected ';', expecting ')' in E:\ORIGAMID\API_DOGS\app\public\wp-content\themes\api\endpoints\user_post.php on line 6
[03-Nov-2020 23:15:55 UTC] PHP Parse error:  syntax error, unexpected ';', expecting ')' in E:\ORIGAMID\API_DOGS\app\public\wp-content\themes\api\endpoints\user_post.php on line 6
[03-Nov-2020 23:15:59 UTC] PHP Parse error:  syntax error, unexpected ';', expecting ')' in E:\ORIGAMID\API_DOGS\app\public\wp-content\themes\api\endpoints\user_post.php on line 6
[03-Nov-2020 23:16:05 UTC] PHP Parse error:  syntax error, unexpected ';', expecting ')' in E:\ORIGAMID\API_DOGS\app\public\wp-content\themes\api\endpoints\user_post.php on line 6
[03-Nov-2020 23:16:08 UTC] PHP Parse error:  syntax error, unexpected ';', expecting ')' in E:\ORIGAMID\API_DOGS\app\public\wp-content\themes\api\endpoints\user_post.php on line 6
[03-Nov-2020 23:16:10 UTC] PHP Parse error:  syntax error, unexpected ';', expecting ')' in E:\ORIGAMID\API_DOGS\app\public\wp-content\themes\api\endpoints\user_post.php on line 6
[03-Nov-2020 23:16:12 UTC] PHP Parse error:  syntax error, unexpected ';', expecting ')' in E:\ORIGAMID\API_DOGS\app\public\wp-content\themes\api\endpoints\user_post.php on line 6
[03-Nov-2020 23:16:48 UTC] PHP Parse error:  syntax error, unexpected ';', expecting ')' in E:\ORIGAMID\API_DOGS\app\public\wp-content\themes\api\endpoints\user_post.php on line 6
[03-Nov-2020 23:17:11 UTC] PHP Parse error:  syntax error, unexpected ';', expecting ')' in E:\ORIGAMID\API_DOGS\app\public\wp-content\themes\api\endpoints\user_post.php on line 6
[04-Nov-2020 02:39:33 UTC] PHP Parse error:  syntax error, unexpected ';', expecting ')' in E:\ORIGAMID\API_DOGS\app\public\wp-content\themes\api\endpoints\user_post.php on line 6
[04-Nov-2020 02:39:59 UTC] PHP Parse error:  syntax error, unexpected ';', expecting ')' in E:\ORIGAMID\API_DOGS\app\public\wp-content\themes\api\endpoints\user_post.php on line 6
[04-Nov-2020 02:41:09 UTC] PHP Parse error:  syntax error, unexpected ';', expecting ')' in E:\ORIGAMID\API_DOGS\app\public\wp-content\themes\api\endpoints\user_post.php on line 6
[04-Nov-2020 02:41:09 UTC] PHP Parse error:  syntax error, unexpected ';', expecting ')' in E:\ORIGAMID\API_DOGS\app\public\wp-content\themes\api\endpoints\user_post.php on line 6
[04-Nov-2020 02:41:25 UTC] PHP Parse error:  syntax error, unexpected ';', expecting ')' in E:\ORIGAMID\API_DOGS\app\public\wp-content\themes\api\endpoints\user_post.php on line 6
[04-Nov-2020 02:41:29 UTC] PHP Parse error:  syntax error, unexpected ';', expecting ')' in E:\ORIGAMID\API_DOGS\app\public\wp-content\themes\api\endpoints\user_post.php on line 6
[04-Nov-2020 02:41:53 UTC] PHP Parse error:  syntax error, unexpected ';', expecting ')' in E:\ORIGAMID\API_DOGS\app\public\wp-content\themes\api\endpoints\user_post.php on line 6
[04-Nov-2020 02:41:57 UTC] PHP Parse error:  syntax error, unexpected ';', expecting ')' in E:\ORIGAMID\API_DOGS\app\public\wp-content\themes\api\endpoints\user_post.php on line 6
[04-Nov-2020 02:41:58 UTC] PHP Parse error:  syntax error, unexpected ';', expecting ')' in E:\ORIGAMID\API_DOGS\app\public\wp-content\themes\api\endpoints\user_post.php on line 6
[04-Nov-2020 02:42:02 UTC] PHP Parse error:  syntax error, unexpected ';', expecting ')' in E:\ORIGAMID\API_DOGS\app\public\wp-content\themes\api\endpoints\user_post.php on line 6
[04-Nov-2020 02:42:05 UTC] PHP Parse error:  syntax error, unexpected ';', expecting ')' in E:\ORIGAMID\API_DOGS\app\public\wp-content\themes\api\endpoints\user_post.php on line 6
[04-Nov-2020 02:42:09 UTC] PHP Parse error:  syntax error, unexpected ';', expecting ')' in E:\ORIGAMID\API_DOGS\app\public\wp-content\themes\api\endpoints\user_post.php on line 6
